  ptrender.cpp
e:\projects\programming\ptrender_book\headers\vec3.h(50): warning C4244: 'initializing': conversion from 'double' to 'float', possible loss of data
e:\projects\programming\ptrender_book\headers\vec3.h(130): warning C4244: 'initializing': conversion from 'double' to 'float', possible loss of data
e:\projects\programming\ptrender_book\headers\hitable_list.h(20): warning C4244: 'argument': conversion from 'double' to 'float', possible loss of data
e:\projects\programming\ptrender_book\headers\material.h(12): warning C4244: 'argument': conversion from 'double' to 'float', possible loss of data
e:\projects\programming\ptrender_book\headers\material.h(24): warning C4244: 'initializing': conversion from 'double' to 'float', possible loss of data
e:\projects\programming\ptrender_book\headers\material.h(125): warning C4244: '=': conversion from 'double' to 'float', possible loss of data
e:\projects\programming\ptrender_book\headers\camera.h(9): warning C4244: 'argument': conversion from 'double' to 'float', possible loss of data
e:\projects\programming\ptrender_book\headers\camera.h(18): warning C4244: 'initializing': conversion from 'double' to 'float', possible loss of data
e:\projects\programming\ptrender_book\ptrender.cpp(29): warning C4244: 'initializing': conversion from 'double' to 'float', possible loss of data
e:\projects\programming\ptrender_book\ptrender.cpp(30): warning C4244: 'argument': conversion from 'double' to 'float', possible loss of data
e:\projects\programming\ptrender_book\ptrender.cpp(30): warning C4305: 'argument': truncation from 'double' to 'float'
e:\projects\programming\ptrender_book\ptrender.cpp(42): warning C4244: 'initializing': conversion from 'double' to 'float', possible loss of data
e:\projects\programming\ptrender_book\ptrender.cpp(43): warning C4244: 'argument': conversion from 'double' to 'float', possible loss of data
e:\projects\programming\ptrender_book\ptrender.cpp(43): warning C4305: 'argument': truncation from 'double' to 'float'
e:\projects\programming\ptrender_book\ptrender.cpp(44): warning C4305: 'argument': truncation from 'double' to 'float'
e:\projects\programming\ptrender_book\ptrender.cpp(46): warning C4244: 'argument': conversion from 'double' to 'float', possible loss of data
e:\projects\programming\ptrender_book\ptrender.cpp(47): warning C4305: 'argument': truncation from 'double' to 'float'
e:\projects\programming\ptrender_book\ptrender.cpp(50): warning C4244: 'argument': conversion from 'double' to 'float', possible loss of data
e:\projects\programming\ptrender_book\ptrender.cpp(50): warning C4305: 'argument': truncation from 'double' to 'float'
e:\projects\programming\ptrender_book\ptrender.cpp(53): warning C4305: 'argument': truncation from 'double' to 'float'
e:\projects\programming\ptrender_book\ptrender.cpp(59): warning C4305: 'argument': truncation from 'double' to 'float'
e:\projects\programming\ptrender_book\ptrender.cpp(64): warning C4305: 'argument': truncation from 'double' to 'float'
e:\projects\programming\ptrender_book\ptrender.cpp(71): warning C4305: 'argument': truncation from 'double' to 'float'
e:\projects\programming\ptrender_book\ptrender.cpp(72): warning C4305: 'argument': truncation from 'double' to 'float'
e:\projects\programming\ptrender_book\ptrender.cpp(75): warning C4305: 'argument': truncation from 'double' to 'float'
e:\projects\programming\ptrender_book\ptrender.cpp(77): warning C4305: 'argument': truncation from 'double' to 'float'
e:\projects\programming\ptrender_book\ptrender.cpp(112): warning C4244: 'initializing': conversion from 'int' to 'float', possible loss of data
e:\projects\programming\ptrender_book\ptrender.cpp(113): warning C4244: 'initializing': conversion from 'int' to 'float', possible loss of data
e:\projects\programming\ptrender_book\ptrender.cpp(114): warning C4244: 'initializing': conversion from 'int' to 'float', possible loss of data
e:\projects\programming\ptrender_book\ptrender.cpp(115): warning C4244: 'initializing': conversion from 'int' to 'float', possible loss of data
e:\projects\programming\ptrender_book\ptrender.cpp(117): warning C4244: 'initializing': conversion from 'double' to 'float', possible loss of data
  Generating code
  9 of 228 functions ( 3.9%) were compiled, the rest were copied from previous compilation.
    0 functions were new in current compilation
    10 functions had inline decision re-evaluated but remain unchanged
  Finished generating code
  ptrender_book.vcxproj -> E:\projects\Programming\ptrender_book\ptrender_book\Release\ptrender_book.exe
